  Chess.cpp
C:\Users\misha\source\repos\Chess\AbstractFigure.h(34,32): warning C4244: аргумент: преобразование "int" в "float", возможна потеря данных
C:\Users\misha\source\repos\Chess\AbstractFigure.h(34,22): warning C4244: аргумент: преобразование "int" в "float", возможна потеря данных
C:\Users\misha\source\repos\Chess\AbstractFigure.h(43,67): warning C4244: аргумент: преобразование "const T" в "T", возможна потеря данных
          with
          [
              T=float
          ]
          and
          [
              T=int
          ]
C:\Users\misha\source\repos\Chess\AbstractFigure.h(43,43): warning C4244: аргумент: преобразование "const T" в "T", возможна потеря данных
          with
          [
              T=float
          ]
          and
          [
              T=int
          ]
C:\Users\misha\source\repos\Chess\AbstractFigure.h(49,38): warning C4244: аргумент: преобразование "const int" в "float", возможна потеря данных
C:\Users\misha\source\repos\Chess\AbstractFigure.h(49,28): warning C4244: аргумент: преобразование "const int" в "float", возможна потеря данных
C:\Users\misha\source\repos\Chess\Chess.cpp(166,76): warning C4244: аргумент: преобразование "T" в "T", возможна потеря данных
          with
          [
              T=int
          ]
          and
          [
              T=float
          ]
C:\Users\misha\source\repos\Chess\Chess.cpp(166,64): warning C4244: аргумент: преобразование "T" в "T", возможна потеря данных
          with
          [
              T=int
          ]
          and
          [
              T=float
          ]
C:\Users\misha\source\repos\Chess\Chess.cpp(194,31): warning C4018: <=: несоответствие типов со знаком и без знака
C:\Users\misha\source\repos\Chess\Chess.cpp(195,31): warning C4018: <=: несоответствие типов со знаком и без знака
C:\Users\misha\source\repos\Chess\Chess.cpp(202,74): warning C4244: аргумент: преобразование "int" в "float", возможна потеря данных
C:\Users\misha\source\repos\Chess\Chess.cpp(202,57): warning C4244: аргумент: преобразование "int" в "float", возможна потеря данных
  Создание кода
  5 of 298 functions ( 1.7%) were compiled, the rest were copied from previous compilation.
    0 functions were new in current compilation
    3 functions had inline decision re-evaluated but remain unchanged
  Создание кода завершено
  Chess.vcxproj -> C:\Users\misha\source\repos\Chess\x64\Release\Chess.exe
